[22:43:11] [Server thread/INFO]: Starting minecraft server version 1.12.2
[22:43:11] [Server thread/INFO]: Loading properties
[22:43:11] [Server console handler/ERROR]: Exception handling console input
java.io.IOException: The handle is invalid
	at java.io.FileInputStream.readBytes(Native Method) ~[?:1.8.0_391]
	at java.io.FileInputStream.read(Unknown Source) ~[?:1.8.0_391]
	at java.io.BufferedInputStream.read1(Unknown Source) ~[?:1.8.0_391]
	at java.io.BufferedInputStream.read(Unknown Source) ~[?:1.8.0_391]
	at sun.nio.cs.StreamDecoder.readBytes(Unknown Source) ~[?:1.8.0_391]
	at sun.nio.cs.StreamDecoder.implRead(Unknown Source) ~[?:1.8.0_391]
	at sun.nio.cs.StreamDecoder.read(Unknown Source) ~[?:1.8.0_391]
	at java.io.InputStreamReader.read(Unknown Source) ~[?:1.8.0_391]
	at java.io.BufferedReader.fill(Unknown Source) ~[?:1.8.0_391]
	at java.io.BufferedReader.readLine(Unknown Source) ~[?:1.8.0_391]
	at java.io.BufferedReader.readLine(Unknown Source) ~[?:1.8.0_391]
	at nz$2.run(SourceFile:100) [minecraft_server.1.12.2.jar:?]
[22:43:11] [Server thread/WARN]: server.properties does not exist
[22:43:11] [Server thread/INFO]: Generating new properties file
[22:43:11] [Server thread/WARN]: Failed to load eula.txt
[22:43:11] [Server thread/INFO]: You need to agree to the EULA in order to run the server. Go to eula.txt for more info.
[22:43:11] [Server thread/INFO]: Stopping server
[22:43:11] [Server Shutdown Thread/INFO]: Stopping server
