[PREINITIALIZATION][SERVER][INFO] Thank you to the Patreon supporters below and others who make CraftTweaker possible!
Spencer Gilbert
Jonathan McManus
Jordan Pineo
Jessie Sims
Hooley
Peregrinus11
Quaternary
Pongo Sapiens
NerdyWhiteGuy
DreamThorn
Naomi Evans
Ivy_
Jellycraft
Phillip Swearingain
embeddedt
Belathus
Lucas
NickT
Zuniroa
Ncc1702
If you want to support the mod, checkout https://patreon.com/jaredlll08?s=crtmod

[PREINITIALIZATION][SERVER][INFO] Current loaders after merging: [[preinit]]
[PREINITIALIZATION][SERVER][INFO] Loading scripts for loader with names [preinit]
[PREINITIALIZATION][SERVER][INFO] [preinit | SIDE_SERVER]: Skipping file {[0:crafttweaker]: Advanced Solar Panels.zs} as we are currently loading with a different loader
[PREINITIALIZATION][SERVER][INFO] [preinit | SIDE_SERVER]: Skipping file {[0:crafttweaker]: IC2C Tweaker Recipe Fixes.zs} as we are currently loading with a different loader
[PREINITIALIZATION][SERVER][INFO] [preinit | SIDE_SERVER]: Skipping file {[0:crafttweaker]: Misc.zs} as we are currently loading with a different loader
[PREINITIALIZATION][SERVER][INFO] [preinit | SIDE_SERVER]: Skipping file {[0:crafttweaker]: Recipe Fixes.zs} as we are currently loading with a different loader
[PREINITIALIZATION][SERVER][INFO] Completed script loading in: 5ms
[INITIALIZATION][SERVER][INFO] CraftTweaker: Building registry
[INITIALIZATION][SERVER][INFO] CraftTweaker: Successfully built item registry
[INITIALIZATION][SERVER][INFO] Current loaders after merging: [[preinit], [recipeevent | crafttweaker]]
[INITIALIZATION][SERVER][INFO] Loading scripts for loader with names [crafttweaker | recipeevent]
[INITIALIZATION][SERVER][INFO] [crafttweaker | SIDE_SERVER]: Loading Script: {[0:crafttweaker]: Advanced Solar Panels.zs}
[INITIALIZATION][SERVER][INFO] Translating tile.blockSolarHV.name to OLD Ultimate Hybrid Solar PLEASE CONVERT
[INITIALIZATION][SERVER][INFO] Translating tile.blockSolarMV.name to OLD Hybrid Solar PLEASE CONVERT
[INITIALIZATION][SERVER][INFO] Translating tile.blockSolarLV.name to OLD Advanced Solar PLEASE CONVERT
[INITIALIZATION][SERVER][INFO] [crafttweaker | SIDE_SERVER]: Loading Script: {[0:crafttweaker]: IC2C Tweaker Recipe Fixes.zs}
[INITIALIZATION][SERVER][INFO] [crafttweaker | SIDE_SERVER]: Loading Script: {[0:crafttweaker]: Misc.zs}
[INITIALIZATION][SERVER][INFO] Adding tooltip for <thermalexpansion:reservoir>: "In some recipes this item is completely used!"
[INITIALIZATION][SERVER][INFO] Adding tooltip for <thermalexpansion:reservoir:1>: "In some recipes this item is completely used!"
[INITIALIZATION][SERVER][INFO] Adding tooltip for <thermalexpansion:reservoir:2>: "In some recipes this item is completely used!"
[INITIALIZATION][SERVER][INFO] Adding tooltip for <thermalexpansion:reservoir:3>: "In some recipes this item is completely used!"
[INITIALIZATION][SERVER][INFO] Adding tooltip for <thermalexpansion:reservoir:4>: "In some recipes this item is completely used!"
[INITIALIZATION][SERVER][INFO] Adding tooltip for <thermalexpansion:reservoir:32000>: "In some recipes this item is completely used!"
[INITIALIZATION][SERVER][INFO] Adding tooltip for <xreliquary:emperor_chalice>: "In some recipes this item is completely used!"
[INITIALIZATION][SERVER][INFO] Adding tooltip for <bibliocraft:paintingframeflat>: "Do not hotswap canvas!"
[INITIALIZATION][SERVER][INFO] Adding tooltip for <bibliocraft:paintingcanvas>: "Do not hotswap canvas!"
[INITIALIZATION][SERVER][INFO] Adding tooltip for <openblocks:xp_shower>: "Do not place on top or bottom of tank!"
[INITIALIZATION][SERVER][INFO] Adding tooltip for <galacticraftcore:fluid_tank>: "Use other tanks, this one dupes fluids."
[INITIALIZATION][SERVER][INFO] Adding tooltip for <extrautils2:chickenring>: "Get HarvestCraft market for vanilla animals, click the left arrow till you see the egg you need."
[INITIALIZATION][SERVER][INFO] Removing tooltip for <minecolonies:blockhutarchery>: "Fuel"
[INITIALIZATION][SERVER][INFO] Removing tooltip for <minecolonies:blockhutarchery>: "Burn"
[INITIALIZATION][SERVER][INFO] Adding tooltip for <minecolonies:blockhutarchery>: "Lets your villagers train archery skills without risk."
[INITIALIZATION][SERVER][INFO] Removing tooltip for <minecolonies:blockhutbaker>: "Fuel"
[INITIALIZATION][SERVER][INFO] Removing tooltip for <minecolonies:blockhutbaker>: "Burn"
[INITIALIZATION][SERVER][INFO] Adding tooltip for <minecolonies:blockhutbaker>: "Lets a villager bake bread from provided wheat."
[INITIALIZATION][SERVER][INFO] Removing tooltip for <minecolonies:blockhutbarracks>: "Fuel"
[INITIALIZATION][SERVER][INFO] Removing tooltip for <minecolonies:blockhutbarracks>: "Burn"
[INITIALIZATION][SERVER][INFO] Adding tooltip for <minecolonies:blockhutbarracks>: "Lets your villagers guard areas with a bow or sword."
[INITIALIZATION][SERVER][INFO] Removing tooltip for <minecolonies:barrel_block>: "Fuel"
[INITIALIZATION][SERVER][INFO] Removing tooltip for <minecolonies:barrel_block>: "Burn"
[INITIALIZATION][SERVER][INFO] Adding tooltip for <minecolonies:barrel_block>: "Lets you compost by putting items inside, compost works like bonemeal."
[INITIALIZATION][SERVER][INFO] Removing tooltip for <minecolonies:blockhutblacksmith>: "Fuel"
[INITIALIZATION][SERVER][INFO] Removing tooltip for <minecolonies:blockhutblacksmith>: "Burn"
[INITIALIZATION][SERVER][INFO] Adding tooltip for <minecolonies:blockhutblacksmith>: "Lets a villager create tools and weapons."
[INITIALIZATION][SERVER][INFO] Removing tooltip for <minecolonies:blockhutbuilder>: "Fuel"
[INITIALIZATION][SERVER][INFO] Removing tooltip for <minecolonies:blockhutbuilder>: "Burn"
[INITIALIZATION][SERVER][INFO] Adding tooltip for <minecolonies:blockhutbuilder>: "Lets a villager create buildings."
[INITIALIZATION][SERVER][INFO] Removing tooltip for <minecolonies:blockhutchickenherder>: "Fuel"
[INITIALIZATION][SERVER][INFO] Removing tooltip for <minecolonies:blockhutchickenherder>: "Burn"
[INITIALIZATION][SERVER][INFO] Adding tooltip for <minecolonies:blockhutchickenherder>: "Lets a villager herd chickens, only use vanilla chickens."
[INITIALIZATION][SERVER][INFO] Adding tooltip for <minecolonies:blockhutchickenherder>: "Get HarvestCraft market for vanilla animals, click the left arrow till you see the egg you need."
[INITIALIZATION][SERVER][INFO] Removing tooltip for <minecolonies:blockhutcitizen>: "Fuel"
[INITIALIZATION][SERVER][INFO] Removing tooltip for <minecolonies:blockhutcitizen>: "Burn"
[INITIALIZATION][SERVER][INFO] Adding tooltip for <minecolonies:blockhutcitizen>: "Lets your villagers have a home and place to sleep."
[INITIALIZATION][SERVER][INFO] Removing tooltip for <minecolonies:clipboard>: "Fuel"
[INITIALIZATION][SERVER][INFO] Removing tooltip for <minecolonies:clipboard>: "Burn"
[INITIALIZATION][SERVER][INFO] Adding tooltip for <minecolonies:clipboard>: "Lets you see villager requests."
[INITIALIZATION][SERVER][INFO] Removing tooltip for <minecolonies:blockhutcombatacademy>: "Fuel"
[INITIALIZATION][SERVER][INFO] Removing tooltip for <minecolonies:blockhutcombatacademy>: "Burn"
[INITIALIZATION][SERVER][INFO] Adding tooltip for <minecolonies:blockhutcombatacademy>: "Lets your villagers train sword skills without risk."
[INITIALIZATION][SERVER][INFO] Removing tooltip for <minecolonies:blockhutcomposter>: "Fuel"
[INITIALIZATION][SERVER][INFO] Removing tooltip for <minecolonies:blockhutcomposter>: "Burn"
[INITIALIZATION][SERVER][INFO] Adding tooltip for <minecolonies:blockhutcomposter>: "Lets a villager turn foods, seeds, and sapplings into compost that works like bonemeal."
[INITIALIZATION][SERVER][INFO] Removing tooltip for <minecolonies:blockhutcowboy>: "Fuel"
[INITIALIZATION][SERVER][INFO] Removing tooltip for <minecolonies:blockhutcowboy>: "Burn"
[INITIALIZATION][SERVER][INFO] Adding tooltip for <minecolonies:blockhutcowboy>: "Lets a villager herd cows, only use vanilla cows."
[INITIALIZATION][SERVER][INFO] Adding tooltip for <minecolonies:blockhutcowboy>: "Get HarvestCraft market for vanilla animals, click the left arrow till you see the egg you need."
[INITIALIZATION][SERVER][INFO] Removing tooltip for <minecolonies:blockhutcrusher>: "Fuel"
[INITIALIZATION][SERVER][INFO] Removing tooltip for <minecolonies:blockhutcrusher>: "Burn"
[INITIALIZATION][SERVER][INFO] Adding tooltip for <minecolonies:blockhutcrusher>: "Lets a villager turn cobblestone to gravel, gravel to sand, and sand to clay."
[INITIALIZATION][SERVER][INFO] Removing tooltip for <minecolonies:blockhutdeliveryman>: "Fuel"
[INITIALIZATION][SERVER][INFO] Removing tooltip for <minecolonies:blockhutdeliveryman>: "Burn"
[INITIALIZATION][SERVER][INFO] Adding tooltip for <minecolonies:blockhutdeliveryman>: "Lets a villager transport items to and from the Warehouse for requests."
[INITIALIZATION][SERVER][INFO] Removing tooltip for <minecolonies:blockhutenchanter>: "Fuel"
[INITIALIZATION][SERVER][INFO] Removing tooltip for <minecolonies:blockhutenchanter>: "Burn"
[INITIALIZATION][SERVER][INFO] Adding tooltip for <minecolonies:blockhutenchanter>: "Lets a villager enchant items."
[INITIALIZATION][SERVER][INFO] Removing tooltip for <minecolonies:blockhutfarmer>: "Fuel"
[INITIALIZATION][SERVER][INFO] Removing tooltip for <minecolonies:blockhutfarmer>: "Burn"
[INITIALIZATION][SERVER][INFO] Adding tooltip for <minecolonies:blockhutfarmer>: "Lets a villager farm for food."
[INITIALIZATION][SERVER][INFO] Removing tooltip for <minecolonies:blockhutfield>: "Fuel"
[INITIALIZATION][SERVER][INFO] Removing tooltip for <minecolonies:blockhutfield>: "Burn"
[INITIALIZATION][SERVER][INFO] Adding tooltip for <minecolonies:blockhutfield>: "A scarecrow to be placed in the middle of a farm field, place seed inside to identify crop."
[INITIALIZATION][SERVER][INFO] Removing tooltip for <minecolonies:blockhutfisherman>: "Fuel"
[INITIALIZATION][SERVER][INFO] Removing tooltip for <minecolonies:blockhutfisherman>: "Burn"
[INITIALIZATION][SERVER][INFO] Adding tooltip for <minecolonies:blockhutfisherman>: "Lets a villager fish for food."
[INITIALIZATION][SERVER][INFO] Removing tooltip for <minecolonies:blockhutflorist>: "Fuel"
[INITIALIZATION][SERVER][INFO] Removing tooltip for <minecolonies:blockhutflorist>: "Burn"
[INITIALIZATION][SERVER][INFO] Adding tooltip for <minecolonies:blockhutflorist>: "Lets a villager grow flowers using compost."
[INITIALIZATION][SERVER][INFO] Removing tooltip for <minecolonies:blockhutguardtower>: "Fuel"
[INITIALIZATION][SERVER][INFO] Removing tooltip for <minecolonies:blockhutguardtower>: "Burn"
[INITIALIZATION][SERVER][INFO] Adding tooltip for <minecolonies:blockhutguardtower>: "Lets a villager guard areas with a bow or sword."
[INITIALIZATION][SERVER][INFO] Removing tooltip for <minecolonies:blockhutlibrary>: "Fuel"
[INITIALIZATION][SERVER][INFO] Removing tooltip for <minecolonies:blockhutlibrary>: "Burn"
[INITIALIZATION][SERVER][INFO] Adding tooltip for <minecolonies:blockhutlibrary>: "Lets two villagers study to raise intelligence."
[INITIALIZATION][SERVER][INFO] Removing tooltip for <minecolonies:blockhutlumberjack>: "Fuel"
[INITIALIZATION][SERVER][INFO] Removing tooltip for <minecolonies:blockhutlumberjack>: "Burn"
[INITIALIZATION][SERVER][INFO] Adding tooltip for <minecolonies:blockhutlumberjack>: "Lets a villager chop and plant trees for wood."
[INITIALIZATION][SERVER][INFO] Removing tooltip for <minecolonies:blockhutminer>: "Fuel"
[INITIALIZATION][SERVER][INFO] Removing tooltip for <minecolonies:blockhutminer>: "Burn"
[INITIALIZATION][SERVER][INFO] Adding tooltip for <minecolonies:blockhutminer>: "Lets a villager mine for ores."
[INITIALIZATION][SERVER][INFO] Removing tooltip for <minecolonies:blockpostbox>: "Fuel"
[INITIALIZATION][SERVER][INFO] Removing tooltip for <minecolonies:blockpostbox>: "Burn"
[INITIALIZATION][SERVER][INFO] Adding tooltip for <minecolonies:blockpostbox>: "Lets you request items from the Warehouse."
[INITIALIZATION][SERVER][INFO] Removing tooltip for <minecolonies:resourcescroll>: "Fuel"
[INITIALIZATION][SERVER][INFO] Removing tooltip for <minecolonies:resourcescroll>: "Burn"
[INITIALIZATION][SERVER][INFO] Adding tooltip for <minecolonies:resourcescroll>: "Lets you see in construction building requirements."
[INITIALIZATION][SERVER][INFO] Removing tooltip for <minecolonies:blockhutcook>: "Fuel"
[INITIALIZATION][SERVER][INFO] Removing tooltip for <minecolonies:blockhutcook>: "Burn"
[INITIALIZATION][SERVER][INFO] Adding tooltip for <minecolonies:blockhutcook>: "Lets a villager prepare or cook provided food."
[INITIALIZATION][SERVER][INFO] Removing tooltip for <minecolonies:blockhutsawmill>: "Fuel"
[INITIALIZATION][SERVER][INFO] Removing tooltip for <minecolonies:blockhutsawmill>: "Burn"
[INITIALIZATION][SERVER][INFO] Adding tooltip for <minecolonies:blockhutsawmill>: "Lets a villager turn wood into things like planks and stairs."
[INITIALIZATION][SERVER][INFO] Removing tooltip for <minecolonies:blockhutshepherd>: "Fuel"
[INITIALIZATION][SERVER][INFO] Removing tooltip for <minecolonies:blockhutshepherd>: "Burn"
[INITIALIZATION][SERVER][INFO] Adding tooltip for <minecolonies:blockhutshepherd>: "Lets a villager herd sheep, only use vanilla sheep."
[INITIALIZATION][SERVER][INFO] Adding tooltip for <minecolonies:blockhutshepherd>: "Get HarvestCraft market for vanilla animals, click the left arrow till you see the egg you need."
[INITIALIZATION][SERVER][INFO] Removing tooltip for <minecolonies:blockhutsifter>: "Fuel"
[INITIALIZATION][SERVER][INFO] Removing tooltip for <minecolonies:blockhutsifter>: "Burn"
[INITIALIZATION][SERVER][INFO] Adding tooltip for <minecolonies:blockhutsifter>: "Lets a villager turn dirt, gravel, and sand or soul sand into various random resources."
[INITIALIZATION][SERVER][INFO] Removing tooltip for <minecolonies:blockhutsmeltery>: "Fuel"
[INITIALIZATION][SERVER][INFO] Removing tooltip for <minecolonies:blockhutsmeltery>: "Burn"
[INITIALIZATION][SERVER][INFO] Adding tooltip for <minecolonies:blockhutsmeltery>: "Lets a villager smelt ores."
[INITIALIZATION][SERVER][INFO] Removing tooltip for <minecolonies:blockhutstonesmeltery>: "Fuel"
[INITIALIZATION][SERVER][INFO] Removing tooltip for <minecolonies:blockhutstonesmeltery>: "Burn"
[INITIALIZATION][SERVER][INFO] Adding tooltip for <minecolonies:blockhutstonesmeltery>: "Lets a villager smelt various stone."
[INITIALIZATION][SERVER][INFO] Removing tooltip for <minecolonies:blockhutstonemason>: "Fuel"
[INITIALIZATION][SERVER][INFO] Removing tooltip for <minecolonies:blockhutstonemason>: "Burn"
[INITIALIZATION][SERVER][INFO] Adding tooltip for <minecolonies:blockhutstonemason>: "Lets a villager turns various stone into stairs and chiseled versions."
[INITIALIZATION][SERVER][INFO] Removing tooltip for <minecolonies:supplycampdeployer>: "Fuel"
[INITIALIZATION][SERVER][INFO] Removing tooltip for <minecolonies:supplycampdeployer>: "Burn"
[INITIALIZATION][SERVER][INFO] Adding tooltip for <minecolonies:supplycampdeployer>: "Lets you retrieve the Town Hall needed to start making your village, then becomes decorative."
[INITIALIZATION][SERVER][INFO] Removing tooltip for <minecolonies:supplychestdeployer>: "Fuel"
[INITIALIZATION][SERVER][INFO] Removing tooltip for <minecolonies:supplychestdeployer>: "Burn"
[INITIALIZATION][SERVER][INFO] Adding tooltip for <minecolonies:supplychestdeployer>: "Lets you retrieve the Town Hall needed to start making your village, then becomes decorative."
[INITIALIZATION][SERVER][INFO] Removing tooltip for <minecolonies:blockhutswineherder>: "Fuel"
[INITIALIZATION][SERVER][INFO] Removing tooltip for <minecolonies:blockhutswineherder>: "Burn"
[INITIALIZATION][SERVER][INFO] Adding tooltip for <minecolonies:blockhutswineherder>: "Lets a villager herd pigs, only use vanilla pigs."
[INITIALIZATION][SERVER][INFO] Adding tooltip for <minecolonies:blockhutswineherder>: "Get HarvestCraft market for vanilla animals, click the left arrow till you see the egg you need."
[INITIALIZATION][SERVER][INFO] Removing tooltip for <minecolonies:blockhuttownhall>: "Fuel"
[INITIALIZATION][SERVER][INFO] Removing tooltip for <minecolonies:blockhuttownhall>: "Burn"
[INITIALIZATION][SERVER][INFO] Adding tooltip for <minecolonies:blockhuttownhall>: "Lets your village be created and configured, and acts as a shelter for villagers."
[INITIALIZATION][SERVER][INFO] Removing tooltip for <minecolonies:blockhutwarehouse>: "Fuel"
[INITIALIZATION][SERVER][INFO] Removing tooltip for <minecolonies:blockhutwarehouse>: "Burn"
[INITIALIZATION][SERVER][INFO] Adding tooltip for <minecolonies:blockhutwarehouse>: "Lets your village have a central location for resources which a Deliveryman can use."
[INITIALIZATION][SERVER][INFO] Removing tooltip for <minecolonies:blockwaypoint>: "Fuel"
[INITIALIZATION][SERVER][INFO] Removing tooltip for <minecolonies:blockwaypoint>: "Burn"
[INITIALIZATION][SERVER][INFO] Adding tooltip for <minecolonies:blockwaypoint>: "This block is actually useless, but real waypoints help tell your villagers where to go."
[INITIALIZATION][SERVER][INFO] Adding tooltip for <minecolonies:blockwaypoint>: "To see or place a real waypoint select Waypoint under infrastructure in Decorations."
[INITIALIZATION][SERVER][INFO] [crafttweaker | SIDE_SERVER]: Loading Script: {[0:crafttweaker]: Recipe Fixes.zs}
[INITIALIZATION][SERVER][ERROR] Recipe Fixes.zs:19: Could not resolve <harvestcraft : freshwateritem>
[INITIALIZATION][SERVER][ERROR] Recipe Fixes.zs:20: Could not resolve <harvestcraft : freshwateritem>
[INITIALIZATION][SERVER][INFO] Removing Skyroot Bucket from ore dictionary entry listAllmilk
[INITIALIZATION][SERVER][INFO] Removing Skyroot Bucket from ore dictionary entry milkBucket
[INITIALIZATION][SERVER][ERROR] Cannot remove recipes for a null item!
[INITIALIZATION][SERVER][ERROR] [crafttweaker]: Error executing {[0:crafttweaker]: Recipe Fixes.zs}: null
java.lang.NullPointerException
	at Recipe_Fixes.__script__(Recipe Fixes.zs:20)
	at __ZenMain__.run(Recipe_Fixes)
	at crafttweaker.runtime.CrTTweaker.loadScript(CrTTweaker.java:240)
	at crafttweaker.runtime.CrTTweaker.loadScript(CrTTweaker.java:105)
	at crafttweaker.mc1120.events.CommonEventHandler.registerRecipes(CommonEventHandler.java:71)
	at net.minecraftforge.fml.common.eventhandler.ASMEventHandler_948_CommonEventHandler_registerRecipes_Register.invoke(.dynamic)
	at net.minecraftforge.fml.common.eventhandler.ASMEventHandler.invoke(ASMEventHandler.java:90)
	at net.minecraftforge.fml.common.eventhandler.EventBus$1.invoke(EventBus.java:144)
	at net.minecraftforge.fml.common.eventhandler.EventBus.post(EventBus.java:182)
	at net.minecraftforge.registries.GameData.fireRegistryEvents(GameData.java:857)
	at net.minecraftforge.common.crafting.CraftingHelper.loadRecipes(CraftingHelper.java:636)
	at net.minecraftforge.fml.common.Loader.initializeMods(Loader.java:747)
	at net.minecraftforge.fml.server.FMLServerHandler.finishServerLoading(FMLServerHandler.java:108)
	at net.minecraftforge.fml.common.FMLCommonHandler.onServerStarted(FMLCommonHandler.java:338)
	at net.minecraft.server.dedicated.DedicatedServer.func_71197_b(DedicatedServer.java:219)
	at net.minecraft.server.MinecraftServer.run(MinecraftServer.java:486)
	at java.lang.Thread.run(Thread.java:750)
[INITIALIZATION][SERVER][INFO] Completed script loading in: 582ms
[POSTINITIALIZATION][SERVER][INFO] Removing recipes for various outputs
[POSTINITIALIZATION][SERVER][INFO] Adding shaped recipe for Ultimate Hybrid Solar Panel with name ct_shaped2104120393
[POSTINITIALIZATION][SERVER][INFO] Adding shaped recipe for Hybrid Solar Panel with name ct_shaped-604101173
[POSTINITIALIZATION][SERVER][INFO] Adding shaped recipe for Advanced Solar Panel with name ct_shaped-1100184094
[POSTINITIALIZATION][SERVER][INFO] Adding shapeless recipe for Ultimate Hybrid Solar Panel with name ct_shapeless1717531022
[POSTINITIALIZATION][SERVER][INFO] Adding shapeless recipe for Hybrid Solar Panel with name ct_shapeless2115927992
[POSTINITIALIZATION][SERVER][INFO] Adding shapeless recipe for Advanced Solar Panel with name ct_shapeless1619612071
[POSTINITIALIZATION][SERVER][INFO] Adding shaped recipe for Electric Locomotive with name ct_shaped759774641
[POSTINITIALIZATION][SERVER][INFO] Applying MrCrayfish's Furniture Mod changes...
