[01:19:50] [main/DEBUG] [FML/]: Injecting tracing printstreams for STDOUT/STDERR.
[01:19:50] [main/INFO] [FML/]: Forge Mod Loader version 14.22.1.2478 for Minecraft 1.12.1 loading
[01:19:50] [main/INFO] [FML/]: Java is Java HotSpot(TM) 64-Bit Server VM, version 1.8.0_391, running on Windows 11:amd64:10.0, installed at C:\Program Files\Java\jre-1.8
[01:19:50] [main/DEBUG] [FML/]: Java classpath at launch is:
[01:19:50] [main/DEBUG] [FML/]:     C:\Users\makfa\Desktop\forge test\forge-1.12.1-14.22.1.2478-universal.jar
[01:19:50] [main/DEBUG] [FML/]: Java library path at launch is:
[01:19:50] [main/DEBUG] [FML/]:     C:\Program Files\Java\jre-1.8\bin
[01:19:50] [main/DEBUG] [FML/]:     C:\WINDOWS\Sun\Java\bin
[01:19:50] [main/DEBUG] [FML/]:     C:\WINDOWS\system32
[01:19:50] [main/DEBUG] [FML/]:     C:\WINDOWS
[01:19:50] [main/DEBUG] [FML/]:     C:\Python312\Scripts\
[01:19:50] [main/DEBUG] [FML/]:     C:\Python312\
[01:19:50] [main/DEBUG] [FML/]:     C:\Program Files\Common Files\Oracle\Java\javapath
[01:19:50] [main/DEBUG] [FML/]:     C:\Program Files (x86)\Common Files\Oracle\Java\javapath
[01:19:50] [main/DEBUG] [FML/]:     C:\WINDOWS\system32
[01:19:50] [main/DEBUG] [FML/]:     C:\WINDOWS
[01:19:50] [main/DEBUG] [FML/]:     C:\WINDOWS\System32\Wbem
[01:19:50] [main/DEBUG] [FML/]:     C:\WINDOWS\System32\WindowsPowerShell\v1.0\
[01:19:50] [main/DEBUG] [FML/]:     C:\WINDOWS\System32\OpenSSH\
[01:19:50] [main/DEBUG] [FML/]:     C:\Program Files\NVIDIA Corporation\NVIDIA NvDLISR
[01:19:50] [main/DEBUG] [FML/]:     C:\ProgramData\chocolatey\bin
[01:19:50] [main/DEBUG] [FML/]:     C:\Users\makfa\AppData\Roaming\npm
[01:19:50] [main/DEBUG] [FML/]:     C:\Program Files (x86)\NVIDIA Corporation\PhysX\Common
[01:19:50] [main/DEBUG] [FML/]:     C:\Program Files\dotnet\
[01:19:50] [main/DEBUG] [FML/]:     C:\Program Files\Docker\Docker\resources\bin
[01:19:50] [main/DEBUG] [FML/]:     C:\Program Files\WireGuard\
[01:19:50] [main/DEBUG] [FML/]:     C:\Program Files\nodejs\
[01:19:50] [main/DEBUG] [FML/]:     C:\Program Files (x86)\Windows Kits\10\Windows Performance Toolkit\
[01:19:50] [main/DEBUG] [FML/]:     C:\Program Files\Git\cmd
[01:19:50] [main/DEBUG] [FML/]:     C:\Users\makfa\.cargo\bin
[01:19:50] [main/DEBUG] [FML/]:     C:\Users\makfa\scoop\shims
[01:19:50] [main/DEBUG] [FML/]:     C:\Users\makfa\AppData\Local\Programs\Python\Python311\Scripts\
[01:19:50] [main/DEBUG] [FML/]:     C:\Users\makfa\AppData\Local\Programs\Python\Python311\
[01:19:50] [main/DEBUG] [FML/]:     C:\Users\makfa\AppData\Local\Microsoft\WindowsApps
[01:19:50] [main/DEBUG] [FML/]:     C:\Program Files\JetBrains\WebStorm 2023.1\bin
[01:19:50] [main/DEBUG] [FML/]:     
[01:19:50] [main/DEBUG] [FML/]:     C:\Program Files (x86)\Nmap
[01:19:50] [main/DEBUG] [FML/]:     C:\Users\makfa\AppData\Roaming\npm
[01:19:50] [main/DEBUG] [FML/]:     C:\Users\makfa\.dotnet\tools
[01:19:50] [main/DEBUG] [FML/]:     .
[01:19:50] [main/DEBUG] [FML/]: Enabling runtime deobfuscation
[01:19:50] [main/DEBUG] [FML/]: Instantiating coremod class FMLCorePlugin
[01:19:50] [main/WARN] [FML/]: The coremod FMLCorePlugin (net.minecraftforge.fml.relauncher.FMLCorePlugin) is not signed!
[01:19:50] [main/DEBUG] [FML/]: Added access transformer class net.minecraftforge.fml.common.asm.transformers.AccessTransformer to enqueued access transformers
[01:19:50] [main/DEBUG] [FML/]: Enqueued coremod FMLCorePlugin
[01:19:50] [main/DEBUG] [FML/]: Instantiating coremod class FMLForgePlugin
[01:19:50] [main/WARN] [FML/]: The coremod FMLForgePlugin (net.minecraftforge.classloading.FMLForgePlugin) is not signed!
[01:19:50] [main/DEBUG] [FML/]: Enqueued coremod FMLForgePlugin
[01:19:50] [main/DEBUG] [FML/]: All fundamental core mods are successfully located
[01:19:50] [main/DEBUG] [FML/]: Attempting to load commandline specified mods, relative to C:\Users\makfa\Desktop\forge test\.
[01:19:50] [main/DEBUG] [FML/]: Discovering coremods
[01:19:50] [main/INFO] [LaunchWrapper/]: Loading tweak class name net.minecraftforge.fml.common.launcher.FMLInjectionAndSortingTweaker
[01:19:50] [main/INFO] [LaunchWrapper/]: Loading tweak class name net.minecraftforge.fml.common.launcher.FMLDeobfTweaker
[01:19:50] [main/INFO] [LaunchWrapper/]: Calling tweak class net.minecraftforge.fml.common.launcher.FMLInjectionAndSortingTweaker
[01:19:50] [main/INFO] [LaunchWrapper/]: Calling tweak class net.minecraftforge.fml.common.launcher.FMLInjectionAndSortingTweaker
[01:19:50] [main/INFO] [LaunchWrapper/]: Calling tweak class net.minecraftforge.fml.relauncher.CoreModManager$FMLPluginWrapper
[01:19:50] [main/DEBUG] [FML/]: Injecting coremod FMLCorePlugin \{net.minecraftforge.fml.relauncher.FMLCorePlugin\} class transformers
[01:19:50] [main/TRACE] [FML/]: Registering transformer net.minecraftforge.fml.common.asm.transformers.BlamingTransformer
[01:19:50] [main/TRACE] [FML/]: Registering transformer net.minecraftforge.fml.common.asm.transformers.SideTransformer
[01:19:50] [main/TRACE] [FML/]: Registering transformer net.minecraftforge.fml.common.asm.transformers.EventSubscriptionTransformer
[01:19:50] [main/TRACE] [FML/]: Registering transformer net.minecraftforge.fml.common.asm.transformers.EventSubscriberTransformer
[01:19:50] [main/DEBUG] [FML/]: Injection complete
[01:19:50] [main/DEBUG] [FML/]: Running coremod plugin for FMLCorePlugin \{net.minecraftforge.fml.relauncher.FMLCorePlugin\}
[01:19:50] [main/DEBUG] [FML/]: Running coremod plugin FMLCorePlugin
[01:19:51] [main/DEBUG] [FML/]: Injecting tracing printstreams for STDOUT/STDERR.
[01:19:51] [main/DEBUG] [FML/]: Read 1008 binary patches
[01:19:51] [main/DEBUG] [FML/]: Loading deobfuscation resource /deobfuscation_data-1.12.1.lzma with 36083 records
[01:19:51] [main/ERROR] [FML/]: FML appears to be missing any signature data. This is not a good thing
[01:19:51] [main/DEBUG] [FML/]: Coremod plugin class FMLCorePlugin run successfully
[01:19:51] [main/INFO] [LaunchWrapper/]: Calling tweak class net.minecraftforge.fml.relauncher.CoreModManager$FMLPluginWrapper
[01:19:51] [main/DEBUG] [FML/]: Injecting coremod FMLForgePlugin \{net.minecraftforge.classloading.FMLForgePlugin\} class transformers
[01:19:51] [main/DEBUG] [FML/]: Injection complete
[01:19:51] [main/DEBUG] [FML/]: Running coremod plugin for FMLForgePlugin \{net.minecraftforge.classloading.FMLForgePlugin\}
[01:19:51] [main/DEBUG] [FML/]: Running coremod plugin FMLForgePlugin
[01:19:51] [main/DEBUG] [FML/]: Coremod plugin class FMLForgePlugin run successfully
[01:19:51] [main/INFO] [LaunchWrapper/]: Calling tweak class net.minecraftforge.fml.common.launcher.FMLDeobfTweaker
[01:19:51] [main/DEBUG] [FML/]: Loaded 208 rules from AccessTransformer config file forge_at.cfg
[01:19:51] [main/DEBUG] [FML/]: Validating minecraft
[01:19:51] [main/DEBUG] [FML/]: Minecraft validated, launching...
[01:19:51] [main/INFO] [LaunchWrapper/]: Loading tweak class name net.minecraftforge.fml.common.launcher.TerminalTweaker
[01:19:51] [main/INFO] [LaunchWrapper/]: Calling tweak class net.minecraftforge.fml.common.launcher.TerminalTweaker
[01:19:51] [main/INFO] [LaunchWrapper/]: Launching wrapped minecraft {net.minecraft.server.MinecraftServer}
[01:19:53] [main/DEBUG] [FML/]: Creating vanilla freeze snapshot
[01:19:53] [main/DEBUG] [FML/]: Vanilla freeze snapshot created
